[2018-01-24 19:37:27] START
[2018-01-24 19:44:16] EDIT pulse/controllers/default.py: -42
[2018-01-24 19:46:10] EDIT pulse/views/default/index.html: -23
[2018-01-24 19:46:12] EDIT pulse/views/default/index.html: 0
[2018-01-24 19:46:14] EDIT pulse/views/default/index.html: 0
[2018-01-24 19:46:17] EDIT pulse/views/default/index.html: 0
[2018-01-24 19:46:18] EDIT pulse/views/default/index.html: 0
[2018-01-24 19:46:18] EDIT pulse/views/default/index.html: 0
[2018-01-24 19:46:18] EDIT pulse/views/default/index.html: 0
[2018-01-24 19:47:13] CREATE default/pulser.html: 0
[2018-01-24 19:48:05] EDIT pulse/views/default/pulser.html: 5
[2018-01-24 19:48:08] EDIT pulse/views/default/pulser.html: 0
[2018-01-24 20:13:08] EDIT pulse/controllers/default.py: 3
[2018-01-24 20:14:00] EDIT pulse/controllers/default.py: 1
[2018-01-24 20:15:11] EDIT pulse/views/default/pulser.html: 0
[2018-01-24 20:28:16] CREATE test/index.html: 0
[2018-01-24 20:28:46] EDIT pulse/views/test/index.html: 6
[2018-01-24 20:32:25] CREATE test.py: 0
[2018-01-24 20:32:33] EDIT pulse/controllers/test.py: 0
[2018-01-24 20:32:46] EDIT pulse/controllers/test.py: 3
[2018-01-24 20:38:01] EDIT pulse/views/layout.html: 14
